<?xml version="1.0" encoding="UTF-8" ?>

<testsuite failures="0" time="1.096" errors="0" skipped="0" tests="1" name="ApplicationTest">
  <testcase classname="ApplicationTest" name="testThatIndexPageWorks" time="1.096">
      </testcase>
</testsuite>
